  Game.cpp
C:\Users\HOME\source\repos\Game\Game\Leaderboard.h(30,53): warning C4267: return: преобразование из "size_t" в "int"; возможна потеря данных
  (компиляция исходного файла "Game.cpp")
  
  Health.cpp
  Monster.cpp
  Player.cpp
  Создание кода...
sfml-graphics-s-d.lib(Font.obj) : warning LNK4099: "sfml-graphics-s.pdb" PDB не найден с "sfml-graphics-s-d.lib(Font.obj)" или на "C:\Users\HOME\source\repos\Game\x64\Debug\sfml-graphics-s.pdb"; компоновка объекта выполняется как при отсутствии отладочных данных
sfml-graphics-s-d.lib(Glsl.obj) : warning LNK4099: "sfml-graphics-s.pdb" PDB не найден с "sfml-graphics-s-d.lib(Glsl.obj)" или на "C:\Users\HOME\source\repos\Game\x64\Debug\sfml-graphics-s.pdb"; компоновка объекта выполняется как при отсутствии отладочных данных
sfml-graphics-s-d.lib(GLCheck.obj) : warning LNK4099: "sfml-graphics-s.pdb" PDB не найден с "sfml-graphics-s-d.lib(GLCheck.obj)" или на "C:\Users\HOME\source\repos\Game\x64\Debug\sfml-graphics-s.pdb"; компоновка объекта выполняется как при отсутствии отладочных данных
sfml-graphics-s-d.lib(Image.obj) : warning LNK4099: "sfml-graphics-s.pdb" PDB не найден с "sfml-graphics-s-d.lib(Image.obj)" или на "C:\Users\HOME\source\repos\Game\x64\Debug\sfml-graphics-s.pdb"; компоновка объекта выполняется как при отсутствии отладочных данных
sfml-graphics-s-d.lib(ImageLoader.obj) : warning LNK4099: "sfml-graphics-s.pdb" PDB не найден с "sfml-graphics-s-d.lib(ImageLoader.obj)" или на "C:\Users\HOME\source\repos\Game\x64\Debug\sfml-graphics-s.pdb"; компоновка объекта выполняется как при отсутствии отладочных данных
sfml-graphics-s-d.lib(RenderWindow.obj) : warning LNK4099: "sfml-graphics-s.pdb" PDB не найден с "sfml-graphics-s-d.lib(RenderWindow.obj)" или на "C:\Users\HOME\source\repos\Game\x64\Debug\sfml-graphics-s.pdb"; компоновка объекта выполняется как при отсутствии отладочных данных
sfml-graphics-s-d.lib(Shader.obj) : warning LNK4099: "sfml-graphics-s.pdb" PDB не найден с "sfml-graphics-s-d.lib(Shader.obj)" или на "C:\Users\HOME\source\repos\Game\x64\Debug\sfml-graphics-s.pdb"; компоновка объекта выполняется как при отсутствии отладочных данных
sfml-graphics-s-d.lib(Texture.obj) : warning LNK4099: "sfml-graphics-s.pdb" PDB не найден с "sfml-graphics-s-d.lib(Texture.obj)" или на "C:\Users\HOME\source\repos\Game\x64\Debug\sfml-graphics-s.pdb"; компоновка объекта выполняется как при отсутствии отладочных данных
sfml-graphics-s-d.lib(Text.obj) : warning LNK4099: "sfml-graphics-s.pdb" PDB не найден с "sfml-graphics-s-d.lib(Text.obj)" или на "C:\Users\HOME\source\repos\Game\x64\Debug\sfml-graphics-s.pdb"; компоновка объекта выполняется как при отсутствии отладочных данных
sfml-graphics-s-d.lib(VertexArray.obj) : warning LNK4099: "sfml-graphics-s.pdb" PDB не найден с "sfml-graphics-s-d.lib(VertexArray.obj)" или на "C:\Users\HOME\source\repos\Game\x64\Debug\sfml-graphics-s.pdb"; компоновка объекта выполняется как при отсутствии отладочных данных
sfml-window-s-d.lib(GlContext.obj) : warning LNK4099: "sfml-window-s.pdb" PDB не найден с "sfml-window-s-d.lib(GlContext.obj)" или на "C:\Users\HOME\source\repos\Game\x64\Debug\sfml-window-s.pdb"; компоновка объекта выполняется как при отсутствии отладочных данных
sfml-window-s-d.lib(Joystick.obj) : warning LNK4099: "sfml-window-s.pdb" PDB не найден с "sfml-window-s-d.lib(Joystick.obj)" или на "C:\Users\HOME\source\repos\Game\x64\Debug\sfml-window-s.pdb"; компоновка объекта выполняется как при отсутствии отладочных данных
sfml-window-s-d.lib(JoystickManager.obj) : warning LNK4099: "sfml-window-s.pdb" PDB не найден с "sfml-window-s-d.lib(JoystickManager.obj)" или на "C:\Users\HOME\source\repos\Game\x64\Debug\sfml-window-s.pdb"; компоновка объекта выполняется как при отсутствии отладочных данных
sfml-window-s-d.lib(Keyboard.obj) : warning LNK4099: "sfml-window-s.pdb" PDB не найден с "sfml-window-s-d.lib(Keyboard.obj)" или на "C:\Users\HOME\source\repos\Game\x64\Debug\sfml-window-s.pdb"; компоновка объекта выполняется как при отсутствии отладочных данных
sfml-window-s-d.lib(Window.obj) : warning LNK4099: "sfml-window-s.pdb" PDB не найден с "sfml-window-s-d.lib(Window.obj)" или на "C:\Users\HOME\source\repos\Game\x64\Debug\sfml-window-s.pdb"; компоновка объекта выполняется как при отсутствии отладочных данных
sfml-window-s-d.lib(WindowBase.obj) : warning LNK4099: "sfml-window-s.pdb" PDB не найден с "sfml-window-s-d.lib(WindowBase.obj)" или на "C:\Users\HOME\source\repos\Game\x64\Debug\sfml-window-s.pdb"; компоновка объекта выполняется как при отсутствии отладочных данных
sfml-window-s-d.lib(WindowImpl.obj) : warning LNK4099: "sfml-window-s.pdb" PDB не найден с "sfml-window-s-d.lib(WindowImpl.obj)" или на "C:\Users\HOME\source\repos\Game\x64\Debug\sfml-window-s.pdb"; компоновка объекта выполняется как при отсутствии отладочных данных
sfml-window-s-d.lib(InputImpl.obj) : warning LNK4099: "sfml-window-s.pdb" PDB не найден с "sfml-window-s-d.lib(InputImpl.obj)" или на "C:\Users\HOME\source\repos\Game\x64\Debug\sfml-window-s.pdb"; компоновка объекта выполняется как при отсутствии отладочных данных
sfml-window-s-d.lib(JoystickImpl.obj) : warning LNK4099: "sfml-window-s.pdb" PDB не найден с "sfml-window-s-d.lib(JoystickImpl.obj)" или на "C:\Users\HOME\source\repos\Game\x64\Debug\sfml-window-s.pdb"; компоновка объекта выполняется как при отсутствии отладочных данных
sfml-window-s-d.lib(VideoModeImpl.obj) : warning LNK4099: "sfml-window-s.pdb" PDB не найден с "sfml-window-s-d.lib(VideoModeImpl.obj)" или на "C:\Users\HOME\source\repos\Game\x64\Debug\sfml-window-s.pdb"; компоновка объекта выполняется как при отсутствии отладочных данных
sfml-window-s-d.lib(VulkanImplWin32.obj) : warning LNK4099: "sfml-window-s.pdb" PDB не найден с "sfml-window-s-d.lib(VulkanImplWin32.obj)" или на "C:\Users\HOME\source\repos\Game\x64\Debug\sfml-window-s.pdb"; компоновка объекта выполняется как при отсутствии отладочных данных
sfml-window-s-d.lib(WindowImplWin32.obj) : warning LNK4099: "sfml-window-s.pdb" PDB не найден с "sfml-window-s-d.lib(WindowImplWin32.obj)" или на "C:\Users\HOME\source\repos\Game\x64\Debug\sfml-window-s.pdb"; компоновка объекта выполняется как при отсутствии отладочных данных
sfml-window-s-d.lib(WglContext.obj) : warning LNK4099: "sfml-window-s.pdb" PDB не найден с "sfml-window-s-d.lib(WglContext.obj)" или на "C:\Users\HOME\source\repos\Game\x64\Debug\sfml-window-s.pdb"; компоновка объекта выполняется как при отсутствии отладочных данных
sfml-system-s-d.lib(String.obj) : warning LNK4099: "sfml-system-s.pdb" PDB не найден с "sfml-system-s-d.lib(String.obj)" или на "C:\Users\HOME\source\repos\Game\x64\Debug\sfml-system-s.pdb"; компоновка объекта выполняется как при отсутствии отладочных данных
  Game.vcxproj -> C:\Users\HOME\source\repos\Game\x64\Debug\Game.exe
